# JRE version: OpenJDK Runtime Environment (8.0_152-b02) (build 1.8.0_152-release-1024-b02)
# Java VM: OpenJDK 64-Bit Server VM (25.152-b02 mixed mode windows-amd64 compressed oops)
Heap:
 PSYoungGen      total 360448K, used 19957K [0x00000000d5580000, 0x00000000ed800000, 0x0000000100000000)
  eden space 340480K, 0% used [0x00000000d5580000,0x00000000d5580000,0x00000000ea200000)
  from space 19968K, 99% used [0x00000000ebd00000,0x00000000ed07d520,0x00000000ed080000)
  to   space 27648K, 0% used [0x00000000ea200000,0x00000000ea200000,0x00000000ebd00000)
 ParOldGen       total 85504K, used 34995K [0x0000000080000000, 0x0000000085380000, 0x00000000d5580000)
  object space 85504K, 40% used [0x0000000080000000,0x000000008222cc48,0x0000000085380000)
 Metaspace       used 56521K, capacity 58816K, committed 58968K, reserved 1099776K
  class space    used 7776K, capacity 8464K, committed 8576K, reserved 1048576K
GC Heap History (10 events):
Event: 4.765 GC heap after
Heap after GC invocations=6 (full 1):
 PSYoungGen      total 138240K, used 5108K [0x00000000d5580000, 0x00000000e4880000, 0x0000000100000000)
  eden space 133120K, 0% used [0x00000000d5580000,0x00000000d5580000,0x00000000dd780000)
  from space 5120K, 99% used [0x00000000dd780000,0x00000000ddc7d010,0x00000000ddc80000)
  to   space 14848K, 0% used [0x00000000e3a00000,0x00000000e3a00000,0x00000000e4880000)
 ParOldGen       total 57344K, used 16072K [0x0000000080000000, 0x0000000083800000, 0x00000000d5580000)
  object space 57344K, 28% used [0x0000000080000000,0x0000000080fb2180,0x0000000083800000)
 Metaspace       used 29720K, capacity 30264K, committed 30464K, reserved 1075200K
  class space    used 4150K, capacity 4333K, committed 4352K, reserved 1048576K
}
Event: 5.152 GC heap before
{Heap before GC invocations=7 (full 1):
 PSYoungGen      total 138240K, used 31615K [0x00000000d5580000, 0x00000000e4880000, 0x0000000100000000)
  eden space 133120K, 19% used [0x00000000d5580000,0x00000000d6f62d10,0x00000000dd780000)
  from space 5120K, 99% used [0x00000000dd780000,0x00000000ddc7d010,0x00000000ddc80000)
  to   space 14848K, 0% used [0x00000000e3a00000,0x00000000e3a00000,0x00000000e4880000)
 ParOldGen       total 57344K, used 16072K [0x0000000080000000, 0x0000000083800000, 0x00000000d5580000)
  object space 57344K, 28% used [0x0000000080000000,0x0000000080fb2180,0x0000000083800000)
 Metaspace       used 34555K, capacity 35176K, committed 35416K, reserved 1079296K
  class space    used 4748K, capacity 4978K, committed 4992K, reserved 1048576K
Event: 5.162 GC heap after
Heap after GC invocations=7 (full 1):
 PSYoungGen      total 223232K, used 8980K [0x00000000d5580000, 0x00000000e4300000, 0x0000000100000000)
  eden space 214016K, 0% used [0x00000000d5580000,0x00000000d5580000,0x00000000e2680000)
  from space 9216K, 97% used [0x00000000e3a00000,0x00000000e42c5030,0x00000000e4300000)
  to   space 14336K, 0% used [0x00000000e2700000,0x00000000e2700000,0x00000000e3500000)
 ParOldGen       total 57344K, used 16080K [0x0000000080000000, 0x0000000083800000, 0x00000000d5580000)
  object space 57344K, 28% used [0x0000000080000000,0x0000000080fb4180,0x0000000083800000)
 Metaspace       used 34555K, capacity 35176K, committed 35416K, reserved 1079296K
  class space    used 4748K, capacity 4978K, committed 4992K, reserved 1048576K
}
Event: 5.162 GC heap before
{Heap before GC invocations=8 (full 2):
 PSYoungGen      total 223232K, used 8980K [0x00000000d5580000, 0x00000000e4300000, 0x0000000100000000)
  eden space 214016K, 0% used [0x00000000d5580000,0x00000000d5580000,0x00000000e2680000)
  from space 9216K, 97% used [0x00000000e3a00000,0x00000000e42c5030,0x00000000e4300000)
  to   space 14336K, 0% used [0x00000000e2700000,0x00000000e2700000,0x00000000e3500000)
 ParOldGen       total 57344K, used 16080K [0x0000000080000000, 0x0000000083800000, 0x00000000d5580000)
  object space 57344K, 28% used [0x0000000080000000,0x0000000080fb4180,0x0000000083800000)
 Metaspace       used 34555K, capacity 35176K, committed 35416K, reserved 1079296K
  class space    used 4748K, capacity 4978K, committed 4992K, reserved 1048576K
Event: 5.223 GC heap after
Heap after GC invocations=8 (full 2):
 PSYoungGen      total 223232K, used 0K [0x00000000d5580000, 0x00000000e4300000, 0x0000000100000000)
  eden space 214016K, 0% used [0x00000000d5580000,0x00000000d5580000,0x00000000e2680000)
  from space 9216K, 0% used [0x00000000e3a00000,0x00000000e3a00000,0x00000000e4300000)
  to   space 14336K, 0% used [0x00000000e2700000,0x00000000e2700000,0x00000000e3500000)
 ParOldGen       total 85504K, used 17566K [0x0000000080000000, 0x0000000085380000, 0x00000000d5580000)
  object space 85504K, 20% used [0x0000000080000000,0x00000000811278a8,0x0000000085380000)
 Metaspace       used 34555K, capacity 35176K, committed 35416K, reserved 1079296K
  class space    used 4748K, capacity 4978K, committed 4992K, reserved 1048576K
}
Event: 7.479 GC heap before
{Heap before GC invocations=9 (full 2):
 PSYoungGen      total 223232K, used 214016K [0x00000000d5580000, 0x00000000e4300000, 0x0000000100000000)
  eden space 214016K, 100% used [0x00000000d5580000,0x00000000e2680000,0x00000000e2680000)
  from space 9216K, 0% used [0x00000000e3a00000,0x00000000e3a00000,0x00000000e4300000)
  to   space 14336K, 0% used [0x00000000e2700000,0x00000000e2700000,0x00000000e3500000)
 ParOldGen       total 85504K, used 17566K [0x0000000080000000, 0x0000000085380000, 0x00000000d5580000)
  object space 85504K, 20% used [0x0000000080000000,0x00000000811278a8,0x0000000085380000)
 Metaspace       used 47739K, capacity 48926K, committed 49112K, reserved 1091584K
  class space    used 6488K, capacity 6841K, committed 6912K, reserved 1048576K
Event: 7.543 GC heap after
Heap after GC invocations=9 (full 2):
 PSYoungGen      total 228864K, used 14304K [0x00000000d5580000, 0x00000000ed080000, 0x0000000100000000)
  eden space 214528K, 0% used [0x00000000d5580000,0x00000000d5580000,0x00000000e2700000)
  from space 14336K, 99% used [0x00000000e2700000,0x00000000e34f8230,0x00000000e3500000)
  to   space 19968K, 0% used [0x00000000ebd00000,0x00000000ebd00000,0x00000000ed080000)
 ParOldGen       total 85504K, used 24323K [0x0000000080000000, 0x0000000085380000, 0x00000000d5580000)
  object space 85504K, 28% used [0x0000000080000000,0x00000000817c0c60,0x0000000085380000)
 Metaspace       used 47739K, capacity 48926K, committed 49112K, reserved 1091584K
  class space    used 6488K, capacity 6841K, committed 6912K, reserved 1048576K
}
Event: 9.925 GC heap before
{Heap before GC invocations=10 (full 2):
 PSYoungGen      total 228864K, used 156883K [0x00000000d5580000, 0x00000000ed080000, 0x0000000100000000)
  eden space 214528K, 66% used [0x00000000d5580000,0x00000000de0bcc78,0x00000000e2700000)
  from space 14336K, 99% used [0x00000000e2700000,0x00000000e34f8230,0x00000000e3500000)
  to   space 19968K, 0% used [0x00000000ebd00000,0x00000000ebd00000,0x00000000ed080000)
 ParOldGen       total 85504K, used 24323K [0x0000000080000000, 0x0000000085380000, 0x00000000d5580000)
  object space 85504K, 28% used [0x0000000080000000,0x00000000817c0c60,0x0000000085380000)
 Metaspace       used 56521K, capacity 58816K, committed 58968K, reserved 1099776K
  class space    used 7776K, capacity 8464K, committed 8576K, reserved 1048576K
Event: 9.967 GC heap after
Heap after GC invocations=10 (full 2):
 PSYoungGen      total 360448K, used 19957K [0x00000000d5580000, 0x00000000ed800000, 0x0000000100000000)
  eden space 340480K, 0% used [0x00000000d5580000,0x00000000d5580000,0x00000000ea200000)
  from space 19968K, 99% used [0x00000000ebd00000,0x00000000ed07d520,0x00000000ed080000)
  to   space 27648K, 0% used [0x00000000ea200000,0x00000000ea200000,0x00000000ebd00000)
 ParOldGen       total 85504K, used 34995K [0x0000000080000000, 0x0000000085380000, 0x00000000d5580000)
  object space 85504K, 40% used [0x0000000080000000,0x000000008222cc48,0x0000000085380000)
 Metaspace       used 56521K, capacity 58816K, committed 58968K, reserved 1099776K
  class space    used 7776K, capacity 8464K, committed 8576K, reserved 1048576K
}
Event: 9.967 GC heap before
{Heap before GC invocations=11 (full 3):
 PSYoungGen      total 360448K, used 19957K [0x00000000d5580000, 0x00000000ed800000, 0x0000000100000000)
  eden space 340480K, 0% used [0x00000000d5580000,0x00000000d5580000,0x00000000ea200000)
  from space 19968K, 99% used [0x00000000ebd00000,0x00000000ed07d520,0x00000000ed080000)
  to   space 27648K, 0% used [0x00000000ea200000,0x00000000ea200000,0x00000000ebd00000)
 ParOldGen       total 85504K, used 34995K [0x0000000080000000, 0x0000000085380000, 0x00000000d5580000)
  object space 85504K, 40% used [0x0000000080000000,0x000000008222cc48,0x0000000085380000)
 Metaspace       used 56521K, capacity 58816K, committed 58968K, reserved 1099776K
  class space    used 7776K, capacity 8464K, committed 8576K, reserved 1048576K

