# JRE version: OpenJDK Runtime Environment (8.0_152-b02) (build 1.8.0_152-release-1024-b02)
# Java VM: OpenJDK 64-Bit Server VM (25.152-b02 mixed mode windows-amd64 compressed oops)
Heap:
 PSYoungGen      total 207872K, used 9869K [0x00000000d5580000, 0x00000000e3800000, 0x0000000100000000)
  eden space 197632K, 0% used [0x00000000d5580000,0x00000000d5580000,0x00000000e1680000)
  from space 10240K, 96% used [0x00000000e2e00000,0x00000000e37a3568,0x00000000e3800000)
  to   space 14848K, 0% used [0x00000000e1b00000,0x00000000e1b00000,0x00000000e2980000)
 ParOldGen       total 60416K, used 16733K [0x0000000080000000, 0x0000000083b00000, 0x00000000d5580000)
  object space 60416K, 27% used [0x0000000080000000,0x0000000081057630,0x0000000083b00000)
 Metaspace       used 34321K, capacity 35300K, committed 35416K, reserved 1079296K
  class space    used 4806K, capacity 5155K, committed 5208K, reserved 1048576K
GC Heap History (10 events):
Event: 1.782 GC heap after
Heap after GC invocations=3 (full 0):
 PSYoungGen      total 71680K, used 5088K [0x00000000d5580000, 0x00000000de180000, 0x0000000100000000)
  eden space 66560K, 0% used [0x00000000d5580000,0x00000000d5580000,0x00000000d9680000)
  from space 5120K, 99% used [0x00000000d9680000,0x00000000d9b78040,0x00000000d9b80000)
  to   space 5120K, 0% used [0x00000000ddc80000,0x00000000ddc80000,0x00000000de180000)
 ParOldGen       total 87552K, used 6095K [0x0000000080000000, 0x0000000085580000, 0x00000000d5580000)
  object space 87552K, 6% used [0x0000000080000000,0x00000000805f3e88,0x0000000085580000)
 Metaspace       used 17369K, capacity 17802K, committed 18048K, reserved 1064960K
  class space    used 2513K, capacity 2653K, committed 2688K, reserved 1048576K
}
Event: 2.050 GC heap before
{Heap before GC invocations=4 (full 0):
 PSYoungGen      total 71680K, used 21515K [0x00000000d5580000, 0x00000000de180000, 0x0000000100000000)
  eden space 66560K, 24% used [0x00000000d5580000,0x00000000d658ac70,0x00000000d9680000)
  from space 5120K, 99% used [0x00000000d9680000,0x00000000d9b78040,0x00000000d9b80000)
  to   space 5120K, 0% used [0x00000000ddc80000,0x00000000ddc80000,0x00000000de180000)
 ParOldGen       total 87552K, used 6095K [0x0000000080000000, 0x0000000085580000, 0x00000000d5580000)
  object space 87552K, 6% used [0x0000000080000000,0x00000000805f3e88,0x0000000085580000)
 Metaspace       used 20792K, capacity 21200K, committed 21248K, reserved 1067008K
  class space    used 2901K, capacity 3039K, committed 3072K, reserved 1048576K
Event: 2.059 GC heap after
Heap after GC invocations=4 (full 0):
 PSYoungGen      total 138240K, used 5088K [0x00000000d5580000, 0x00000000de180000, 0x0000000100000000)
  eden space 133120K, 0% used [0x00000000d5580000,0x00000000d5580000,0x00000000dd780000)
  from space 5120K, 99% used [0x00000000ddc80000,0x00000000de178030,0x00000000de180000)
  to   space 5120K, 0% used [0x00000000dd780000,0x00000000dd780000,0x00000000ddc80000)
 ParOldGen       total 87552K, used 8836K [0x0000000080000000, 0x0000000085580000, 0x00000000d5580000)
  object space 87552K, 10% used [0x0000000080000000,0x00000000808a1300,0x0000000085580000)
 Metaspace       used 20792K, capacity 21200K, committed 21248K, reserved 1067008K
  class space    used 2901K, capacity 3039K, committed 3072K, reserved 1048576K
}
Event: 2.059 GC heap before
{Heap before GC invocations=5 (full 1):
 PSYoungGen      total 138240K, used 5088K [0x00000000d5580000, 0x00000000de180000, 0x0000000100000000)
  eden space 133120K, 0% used [0x00000000d5580000,0x00000000d5580000,0x00000000dd780000)
  from space 5120K, 99% used [0x00000000ddc80000,0x00000000de178030,0x00000000de180000)
  to   space 5120K, 0% used [0x00000000dd780000,0x00000000dd780000,0x00000000ddc80000)
 ParOldGen       total 87552K, used 8836K [0x0000000080000000, 0x0000000085580000, 0x00000000d5580000)
  object space 87552K, 10% used [0x0000000080000000,0x00000000808a1300,0x0000000085580000)
 Metaspace       used 20792K, capacity 21200K, committed 21248K, reserved 1067008K
  class space    used 2901K, capacity 3039K, committed 3072K, reserved 1048576K
Event: 2.101 GC heap after
Heap after GC invocations=5 (full 1):
 PSYoungGen      total 138240K, used 0K [0x00000000d5580000, 0x00000000de180000, 0x0000000100000000)
  eden space 133120K, 0% used [0x00000000d5580000,0x00000000d5580000,0x00000000dd780000)
  from space 5120K, 0% used [0x00000000ddc80000,0x00000000ddc80000,0x00000000de180000)
  to   space 5120K, 0% used [0x00000000dd780000,0x00000000dd780000,0x00000000ddc80000)
 ParOldGen       total 60416K, used 8153K [0x0000000080000000, 0x0000000083b00000, 0x00000000d5580000)
  object space 60416K, 13% used [0x0000000080000000,0x00000000807f6530,0x0000000083b00000)
 Metaspace       used 20792K, capacity 21200K, committed 21248K, reserved 1067008K
  class space    used 2901K, capacity 3039K, committed 3072K, reserved 1048576K
}
Event: 5.006 GC heap before
{Heap before GC invocations=6 (full 1):
 PSYoungGen      total 138240K, used 133120K [0x00000000d5580000, 0x00000000de180000, 0x0000000100000000)
  eden space 133120K, 100% used [0x00000000d5580000,0x00000000dd780000,0x00000000dd780000)
  from space 5120K, 0% used [0x00000000ddc80000,0x00000000ddc80000,0x00000000de180000)
  to   space 5120K, 0% used [0x00000000dd780000,0x00000000dd780000,0x00000000ddc80000)
 ParOldGen       total 60416K, used 8153K [0x0000000080000000, 0x0000000083b00000, 0x00000000d5580000)
  object space 60416K, 13% used [0x0000000080000000,0x00000000807f6530,0x0000000083b00000)
 Metaspace       used 30063K, capacity 30800K, committed 30976K, reserved 1075200K
  class space    used 4243K, capacity 4481K, committed 4608K, reserved 1048576K
Event: 5.021 GC heap after
Heap after GC invocations=6 (full 1):
 PSYoungGen      total 138240K, used 5088K [0x00000000d5580000, 0x00000000e3d00000, 0x0000000100000000)
  eden space 133120K, 0% used [0x00000000d5580000,0x00000000d5580000,0x00000000dd780000)
  from space 5120K, 99% used [0x00000000dd780000,0x00000000ddc78020,0x00000000ddc80000)
  to   space 15360K, 0% used [0x00000000e2e00000,0x00000000e2e00000,0x00000000e3d00000)
 ParOldGen       total 60416K, used 16725K [0x0000000080000000, 0x0000000083b00000, 0x00000000d5580000)
  object space 60416K, 27% used [0x0000000080000000,0x0000000081055630,0x0000000083b00000)
 Metaspace       used 30063K, capacity 30800K, committed 30976K, reserved 1075200K
  class space    used 4243K, capacity 4481K, committed 4608K, reserved 1048576K
}
Event: 9.378 GC heap before
{Heap before GC invocations=7 (full 1):
 PSYoungGen      total 138240K, used 47719K [0x00000000d5580000, 0x00000000e3d00000, 0x0000000100000000)
  eden space 133120K, 32% used [0x00000000d5580000,0x00000000d7f21e48,0x00000000dd780000)
  from space 5120K, 99% used [0x00000000dd780000,0x00000000ddc78020,0x00000000ddc80000)
  to   space 15360K, 0% used [0x00000000e2e00000,0x00000000e2e00000,0x00000000e3d00000)
 ParOldGen       total 60416K, used 16725K [0x0000000080000000, 0x0000000083b00000, 0x00000000d5580000)
  object space 60416K, 27% used [0x0000000080000000,0x0000000081055630,0x0000000083b00000)
 Metaspace       used 34321K, capacity 35300K, committed 35416K, reserved 1079296K
  class space    used 4806K, capacity 5155K, committed 5208K, reserved 1048576K
Event: 9.391 GC heap after
Heap after GC invocations=7 (full 1):
 PSYoungGen      total 207872K, used 9869K [0x00000000d5580000, 0x00000000e3800000, 0x0000000100000000)
  eden space 197632K, 0% used [0x00000000d5580000,0x00000000d5580000,0x00000000e1680000)
  from space 10240K, 96% used [0x00000000e2e00000,0x00000000e37a3568,0x00000000e3800000)
  to   space 14848K, 0% used [0x00000000e1b00000,0x00000000e1b00000,0x00000000e2980000)
 ParOldGen       total 60416K, used 16733K [0x0000000080000000, 0x0000000083b00000, 0x00000000d5580000)
  object space 60416K, 27% used [0x0000000080000000,0x0000000081057630,0x0000000083b00000)
 Metaspace       used 34321K, capacity 35300K, committed 35416K, reserved 1079296K
  class space    used 4806K, capacity 5155K, committed 5208K, reserved 1048576K
}
Event: 9.391 GC heap before
{Heap before GC invocations=8 (full 2):
 PSYoungGen      total 207872K, used 9869K [0x00000000d5580000, 0x00000000e3800000, 0x0000000100000000)
  eden space 197632K, 0% used [0x00000000d5580000,0x00000000d5580000,0x00000000e1680000)
  from space 10240K, 96% used [0x00000000e2e00000,0x00000000e37a3568,0x00000000e3800000)
  to   space 14848K, 0% used [0x00000000e1b00000,0x00000000e1b00000,0x00000000e2980000)
 ParOldGen       total 60416K, used 16733K [0x0000000080000000, 0x0000000083b00000, 0x00000000d5580000)
  object space 60416K, 27% used [0x0000000080000000,0x0000000081057630,0x0000000083b00000)
 Metaspace       used 34321K, capacity 35300K, committed 35416K, reserved 1079296K
  class space    used 4806K, capacity 5155K, committed 5208K, reserved 1048576K

