# JRE version: OpenJDK Runtime Environment (8.0_152-b02) (build 1.8.0_152-release-1024-b02)
# Java VM: OpenJDK 64-Bit Server VM (25.152-b02 mixed mode windows-amd64 compressed oops)
Heap:
 PSYoungGen      total 367616K, used 215740K [0x00000000d5580000, 0x00000000ee880000, 0x0000000100000000)
  eden space 335872K, 55% used [0x00000000d5580000,0x00000000e0af2200,0x00000000e9d80000)
  from space 31744K, 94% used [0x00000000ec080000,0x00000000eddbce20,0x00000000edf80000)
  to   space 35840K, 0% used [0x00000000e9d80000,0x00000000e9d80000,0x00000000ec080000)
 ParOldGen       total 156672K, used 45482K [0x0000000080000000, 0x0000000089900000, 0x00000000d5580000)
  object space 156672K, 29% used [0x0000000080000000,0x0000000082c6a930,0x0000000089900000)
 Metaspace       used 72732K, capacity 75474K, committed 75736K, reserved 1114112K
  class space    used 9671K, capacity 10463K, committed 10496K, reserved 1048576K
GC Heap History (10 events):
Event: 5.755 GC heap before
{Heap before GC invocations=9 (full 2):
 PSYoungGen      total 206336K, used 195584K [0x00000000d5580000, 0x00000000e3080000, 0x0000000100000000)
  eden space 195584K, 100% used [0x00000000d5580000,0x00000000e1480000,0x00000000e1480000)
  from space 10752K, 0% used [0x00000000e2600000,0x00000000e2600000,0x00000000e3080000)
  to   space 14336K, 0% used [0x00000000e1480000,0x00000000e1480000,0x00000000e2280000)
 ParOldGen       total 98816K, used 17682K [0x0000000080000000, 0x0000000086080000, 0x00000000d5580000)
  object space 98816K, 17% used [0x0000000080000000,0x0000000081144a08,0x0000000086080000)
 Metaspace       used 47529K, capacity 48610K, committed 48856K, reserved 1091584K
  class space    used 6480K, capacity 6832K, committed 6912K, reserved 1048576K
Event: 5.782 GC heap after
Heap after GC invocations=9 (full 2):
 PSYoungGen      total 209920K, used 14312K [0x00000000d5580000, 0x00000000e9480000, 0x0000000100000000)
  eden space 195584K, 0% used [0x00000000d5580000,0x00000000d5580000,0x00000000e1480000)
  from space 14336K, 99% used [0x00000000e1480000,0x00000000e227a1d8,0x00000000e2280000)
  to   space 19456K, 0% used [0x00000000e8180000,0x00000000e8180000,0x00000000e9480000)
 ParOldGen       total 98816K, used 23758K [0x0000000080000000, 0x0000000086080000, 0x00000000d5580000)
  object space 98816K, 24% used [0x0000000080000000,0x0000000081733880,0x0000000086080000)
 Metaspace       used 47529K, capacity 48610K, committed 48856K, reserved 1091584K
  class space    used 6480K, capacity 6832K, committed 6912K, reserved 1048576K
}
Event: 7.991 GC heap before
{Heap before GC invocations=10 (full 2):
 PSYoungGen      total 209920K, used 184342K [0x00000000d5580000, 0x00000000e9480000, 0x0000000100000000)
  eden space 195584K, 86% used [0x00000000d5580000,0x00000000dfb8b6b0,0x00000000e1480000)
  from space 14336K, 99% used [0x00000000e1480000,0x00000000e227a1d8,0x00000000e2280000)
  to   space 19456K, 0% used [0x00000000e8180000,0x00000000e8180000,0x00000000e9480000)
 ParOldGen       total 98816K, used 23758K [0x0000000080000000, 0x0000000086080000, 0x00000000d5580000)
  object space 98816K, 24% used [0x0000000080000000,0x0000000081733880,0x0000000086080000)
 Metaspace       used 56559K, capacity 58802K, committed 58968K, reserved 1099776K
  class space    used 7788K, capacity 8467K, committed 8576K, reserved 1048576K
Event: 8.073 GC heap after
Heap after GC invocations=10 (full 2):
 PSYoungGen      total 298496K, used 19424K [0x00000000d5580000, 0x00000000ea600000, 0x0000000100000000)
  eden space 279040K, 0% used [0x00000000d5580000,0x00000000d5580000,0x00000000e6600000)
  from space 19456K, 99% used [0x00000000e8180000,0x00000000e9478250,0x00000000e9480000)
  to   space 28160K, 0% used [0x00000000e6600000,0x00000000e6600000,0x00000000e8180000)
 ParOldGen       total 98816K, used 36806K [0x0000000080000000, 0x0000000086080000, 0x00000000d5580000)
  object space 98816K, 37% used [0x0000000080000000,0x00000000823f1ad8,0x0000000086080000)
 Metaspace       used 56559K, capacity 58802K, committed 58968K, reserved 1099776K
  class space    used 7788K, capacity 8467K, committed 8576K, reserved 1048576K
}
Event: 8.073 GC heap before
{Heap before GC invocations=11 (full 3):
 PSYoungGen      total 298496K, used 19424K [0x00000000d5580000, 0x00000000ea600000, 0x0000000100000000)
  eden space 279040K, 0% used [0x00000000d5580000,0x00000000d5580000,0x00000000e6600000)
  from space 19456K, 99% used [0x00000000e8180000,0x00000000e9478250,0x00000000e9480000)
  to   space 28160K, 0% used [0x00000000e6600000,0x00000000e6600000,0x00000000e8180000)
 ParOldGen       total 98816K, used 36806K [0x0000000080000000, 0x0000000086080000, 0x00000000d5580000)
  object space 98816K, 37% used [0x0000000080000000,0x00000000823f1ad8,0x0000000086080000)
 Metaspace       used 56559K, capacity 58802K, committed 58968K, reserved 1099776K
  class space    used 7788K, capacity 8467K, committed 8576K, reserved 1048576K
Event: 8.372 GC heap after
Heap after GC invocations=11 (full 3):
 PSYoungGen      total 298496K, used 0K [0x00000000d5580000, 0x00000000ea600000, 0x0000000100000000)
  eden space 279040K, 0% used [0x00000000d5580000,0x00000000d5580000,0x00000000e6600000)
  from space 19456K, 0% used [0x00000000e8180000,0x00000000e8180000,0x00000000e9480000)
  to   space 28160K, 0% used [0x00000000e6600000,0x00000000e6600000,0x00000000e8180000)
 ParOldGen       total 156672K, used 45474K [0x0000000080000000, 0x0000000089900000, 0x00000000d5580000)
  object space 156672K, 29% used [0x0000000080000000,0x0000000082c68930,0x0000000089900000)
 Metaspace       used 56559K, capacity 58802K, committed 58968K, reserved 1099776K
  class space    used 7788K, capacity 8467K, committed 8576K, reserved 1048576K
}
Event: 14.974 GC heap before
{Heap before GC invocations=12 (full 3):
 PSYoungGen      total 298496K, used 279040K [0x00000000d5580000, 0x00000000ea600000, 0x0000000100000000)
  eden space 279040K, 100% used [0x00000000d5580000,0x00000000e6600000,0x00000000e6600000)
  from space 19456K, 0% used [0x00000000e8180000,0x00000000e8180000,0x00000000e9480000)
  to   space 28160K, 0% used [0x00000000e6600000,0x00000000e6600000,0x00000000e8180000)
 ParOldGen       total 156672K, used 45474K [0x0000000080000000, 0x0000000089900000, 0x00000000d5580000)
  object space 156672K, 29% used [0x0000000080000000,0x0000000082c68930,0x0000000089900000)
 Metaspace       used 70229K, capacity 72884K, committed 73176K, reserved 1112064K
  class space    used 9425K, capacity 10178K, committed 10240K, reserved 1048576K
Event: 15.004 GC heap after
Heap after GC invocations=12 (full 3):
 PSYoungGen      total 307200K, used 25583K [0x00000000d5580000, 0x00000000edf80000, 0x0000000100000000)
  eden space 279040K, 0% used [0x00000000d5580000,0x00000000d5580000,0x00000000e6600000)
  from space 28160K, 90% used [0x00000000e6600000,0x00000000e7efbe78,0x00000000e8180000)
  to   space 31744K, 0% used [0x00000000ec080000,0x00000000ec080000,0x00000000edf80000)
 ParOldGen       total 156672K, used 45482K [0x0000000080000000, 0x0000000089900000, 0x00000000d5580000)
  object space 156672K, 29% used [0x0000000080000000,0x0000000082c6a930,0x0000000089900000)
 Metaspace       used 70229K, capacity 72884K, committed 73176K, reserved 1112064K
  class space    used 9425K, capacity 10178K, committed 10240K, reserved 1048576K
}
Event: 15.964 GC heap before
{Heap before GC invocations=13 (full 3):
 PSYoungGen      total 307200K, used 304623K [0x00000000d5580000, 0x00000000edf80000, 0x0000000100000000)
  eden space 279040K, 100% used [0x00000000d5580000,0x00000000e6600000,0x00000000e6600000)
  from space 28160K, 90% used [0x00000000e6600000,0x00000000e7efbe78,0x00000000e8180000)
  to   space 31744K, 0% used [0x00000000ec080000,0x00000000ec080000,0x00000000edf80000)
 ParOldGen       total 156672K, used 45482K [0x0000000080000000, 0x0000000089900000, 0x00000000d5580000)
  object space 156672K, 29% used [0x0000000080000000,0x0000000082c6a930,0x0000000089900000)
 Metaspace       used 72460K, capacity 75240K, committed 75480K, reserved 1114112K
  class space    used 9658K, capacity 10428K, committed 10496K, reserved 1048576K
Event: 15.993 GC heap after
Heap after GC invocations=13 (full 3):
 PSYoungGen      total 367616K, used 29939K [0x00000000d5580000, 0x00000000ee880000, 0x0000000100000000)
  eden space 335872K, 0% used [0x00000000d5580000,0x00000000d5580000,0x00000000e9d80000)
  from space 31744K, 94% used [0x00000000ec080000,0x00000000eddbce20,0x00000000edf80000)
  to   space 35840K, 0% used [0x00000000e9d80000,0x00000000e9d80000,0x00000000ec080000)
 ParOldGen       total 156672K, used 45482K [0x0000000080000000, 0x0000000089900000, 0x00000000d5580000)
  object space 156672K, 29% used [0x0000000080000000,0x0000000082c6a930,0x0000000089900000)
 Metaspace       used 72460K, capacity 75240K, committed 75480K, reserved 1114112K
  class space    used 9658K, capacity 10428K, committed 10496K, reserved 1048576K
}

