# JRE version: OpenJDK Runtime Environment (8.0_152-b02) (build 1.8.0_152-release-1024-b02)
# Java VM: OpenJDK 64-Bit Server VM (25.152-b02 mixed mode windows-amd64 compressed oops)
Heap:
 PSYoungGen      total 224256K, used 206943K [0x00000000d5580000, 0x00000000e3f00000, 0x0000000100000000)
  eden space 209408K, 98% used [0x00000000d5580000,0x00000000e1f97c10,0x00000000e2200000)
  from space 14848K, 0% used [0x00000000e3000000,0x00000000e3000000,0x00000000e3e80000)
  to   space 14336K, 0% used [0x00000000e2200000,0x00000000e2200000,0x00000000e3000000)
 ParOldGen       total 93696K, used 17870K [0x0000000080000000, 0x0000000085b80000, 0x00000000d5580000)
  object space 93696K, 19% used [0x0000000080000000,0x00000000811738b0,0x0000000085b80000)
 Metaspace       used 49031K, capacity 50446K, committed 50648K, reserved 1093632K
  class space    used 6657K, capacity 7052K, committed 7168K, reserved 1048576K
GC Heap History (10 events):
Event: 2.483 GC heap before
{Heap before GC invocations=4 (full 0):
 PSYoungGen      total 71680K, used 21338K [0x00000000d5580000, 0x00000000de180000, 0x0000000100000000)
  eden space 66560K, 24% used [0x00000000d5580000,0x00000000d655e7d0,0x00000000d9680000)
  from space 5120K, 99% used [0x00000000d9680000,0x00000000d9b78040,0x00000000d9b80000)
  to   space 5120K, 0% used [0x00000000ddc80000,0x00000000ddc80000,0x00000000de180000)
 ParOldGen       total 87552K, used 5850K [0x0000000080000000, 0x0000000085580000, 0x00000000d5580000)
  object space 87552K, 6% used [0x0000000080000000,0x00000000805b69a0,0x0000000085580000)
 Metaspace       used 20772K, capacity 21066K, committed 21248K, reserved 1067008K
  class space    used 2896K, capacity 2985K, committed 3072K, reserved 1048576K
Event: 2.518 GC heap after
Heap after GC invocations=4 (full 0):
 PSYoungGen      total 138240K, used 5088K [0x00000000d5580000, 0x00000000de180000, 0x0000000100000000)
  eden space 133120K, 0% used [0x00000000d5580000,0x00000000d5580000,0x00000000dd780000)
  from space 5120K, 99% used [0x00000000ddc80000,0x00000000de178030,0x00000000de180000)
  to   space 5120K, 0% used [0x00000000dd780000,0x00000000dd780000,0x00000000ddc80000)
 ParOldGen       total 87552K, used 8856K [0x0000000080000000, 0x0000000085580000, 0x00000000d5580000)
  object space 87552K, 10% used [0x0000000080000000,0x00000000808a6310,0x0000000085580000)
 Metaspace       used 20772K, capacity 21066K, committed 21248K, reserved 1067008K
  class space    used 2896K, capacity 2985K, committed 3072K, reserved 1048576K
}
Event: 2.518 GC heap before
{Heap before GC invocations=5 (full 1):
 PSYoungGen      total 138240K, used 5088K [0x00000000d5580000, 0x00000000de180000, 0x0000000100000000)
  eden space 133120K, 0% used [0x00000000d5580000,0x00000000d5580000,0x00000000dd780000)
  from space 5120K, 99% used [0x00000000ddc80000,0x00000000de178030,0x00000000de180000)
  to   space 5120K, 0% used [0x00000000dd780000,0x00000000dd780000,0x00000000ddc80000)
 ParOldGen       total 87552K, used 8856K [0x0000000080000000, 0x0000000085580000, 0x00000000d5580000)
  object space 87552K, 10% used [0x0000000080000000,0x00000000808a6310,0x0000000085580000)
 Metaspace       used 20772K, capacity 21066K, committed 21248K, reserved 1067008K
  class space    used 2896K, capacity 2985K, committed 3072K, reserved 1048576K
Event: 2.609 GC heap after
Heap after GC invocations=5 (full 1):
 PSYoungGen      total 138240K, used 0K [0x00000000d5580000, 0x00000000de180000, 0x0000000100000000)
  eden space 133120K, 0% used [0x00000000d5580000,0x00000000d5580000,0x00000000dd780000)
  from space 5120K, 0% used [0x00000000ddc80000,0x00000000ddc80000,0x00000000de180000)
  to   space 5120K, 0% used [0x00000000dd780000,0x00000000dd780000,0x00000000ddc80000)
 ParOldGen       total 59904K, used 8269K [0x0000000080000000, 0x0000000083a80000, 0x00000000d5580000)
  object space 59904K, 13% used [0x0000000080000000,0x0000000080813460,0x0000000083a80000)
 Metaspace       used 20772K, capacity 21066K, committed 21248K, reserved 1067008K
  class space    used 2896K, capacity 2985K, committed 3072K, reserved 1048576K
}
Event: 4.293 GC heap before
{Heap before GC invocations=6 (full 1):
 PSYoungGen      total 138240K, used 133120K [0x00000000d5580000, 0x00000000de180000, 0x0000000100000000)
  eden space 133120K, 100% used [0x00000000d5580000,0x00000000dd780000,0x00000000dd780000)
  from space 5120K, 0% used [0x00000000ddc80000,0x00000000ddc80000,0x00000000de180000)
  to   space 5120K, 0% used [0x00000000dd780000,0x00000000dd780000,0x00000000ddc80000)
 ParOldGen       total 59904K, used 8269K [0x0000000080000000, 0x0000000083a80000, 0x00000000d5580000)
  object space 59904K, 13% used [0x0000000080000000,0x0000000080813460,0x0000000083a80000)
 Metaspace       used 29711K, capacity 30264K, committed 30464K, reserved 1075200K
  class space    used 4150K, capacity 4333K, committed 4352K, reserved 1048576K
Event: 4.307 GC heap after
Heap after GC invocations=6 (full 1):
 PSYoungGen      total 138240K, used 5104K [0x00000000d5580000, 0x00000000e3e80000, 0x0000000100000000)
  eden space 133120K, 0% used [0x00000000d5580000,0x00000000d5580000,0x00000000dd780000)
  from space 5120K, 99% used [0x00000000dd780000,0x00000000ddc7c010,0x00000000ddc80000)
  to   space 14848K, 0% used [0x00000000e3000000,0x00000000e3000000,0x00000000e3e80000)
 ParOldGen       total 59904K, used 16330K [0x0000000080000000, 0x0000000083a80000, 0x00000000d5580000)
  object space 59904K, 27% used [0x0000000080000000,0x0000000080ff2a30,0x0000000083a80000)
 Metaspace       used 29711K, capacity 30264K, committed 30464K, reserved 1075200K
  class space    used 4150K, capacity 4333K, committed 4352K, reserved 1048576K
}
Event: 4.818 GC heap before
{Heap before GC invocations=7 (full 1):
 PSYoungGen      total 138240K, used 33015K [0x00000000d5580000, 0x00000000e3e80000, 0x0000000100000000)
  eden space 133120K, 20% used [0x00000000d5580000,0x00000000d70c1d78,0x00000000dd780000)
  from space 5120K, 99% used [0x00000000dd780000,0x00000000ddc7c010,0x00000000ddc80000)
  to   space 14848K, 0% used [0x00000000e3000000,0x00000000e3000000,0x00000000e3e80000)
 ParOldGen       total 59904K, used 16330K [0x0000000080000000, 0x0000000083a80000, 0x00000000d5580000)
  object space 59904K, 27% used [0x0000000080000000,0x0000000080ff2a30,0x0000000083a80000)
 Metaspace       used 34522K, capacity 35176K, committed 35416K, reserved 1079296K
  class space    used 4748K, capacity 4978K, committed 4992K, reserved 1048576K
Event: 4.848 GC heap after
Heap after GC invocations=7 (full 1):
 PSYoungGen      total 224256K, used 8934K [0x00000000d5580000, 0x00000000e3f00000, 0x0000000100000000)
  eden space 209408K, 0% used [0x00000000d5580000,0x00000000d5580000,0x00000000e2200000)
  from space 14848K, 60% used [0x00000000e3000000,0x00000000e38b9a38,0x00000000e3e80000)
  to   space 14336K, 0% used [0x00000000e2200000,0x00000000e2200000,0x00000000e3000000)
 ParOldGen       total 59904K, used 16330K [0x0000000080000000, 0x0000000083a80000, 0x00000000d5580000)
  object space 59904K, 27% used [0x0000000080000000,0x0000000080ff2a30,0x0000000083a80000)
 Metaspace       used 34522K, capacity 35176K, committed 35416K, reserved 1079296K
  class space    used 4748K, capacity 4978K, committed 4992K, reserved 1048576K
}
Event: 4.848 GC heap before
{Heap before GC invocations=8 (full 2):
 PSYoungGen      total 224256K, used 8934K [0x00000000d5580000, 0x00000000e3f00000, 0x0000000100000000)
  eden space 209408K, 0% used [0x00000000d5580000,0x00000000d5580000,0x00000000e2200000)
  from space 14848K, 60% used [0x00000000e3000000,0x00000000e38b9a38,0x00000000e3e80000)
  to   space 14336K, 0% used [0x00000000e2200000,0x00000000e2200000,0x00000000e3000000)
 ParOldGen       total 59904K, used 16330K [0x0000000080000000, 0x0000000083a80000, 0x00000000d5580000)
  object space 59904K, 27% used [0x0000000080000000,0x0000000080ff2a30,0x0000000083a80000)
 Metaspace       used 34522K, capacity 35176K, committed 35416K, reserved 1079296K
  class space    used 4748K, capacity 4978K, committed 4992K, reserved 1048576K
Event: 4.946 GC heap after
Heap after GC invocations=8 (full 2):
 PSYoungGen      total 224256K, used 0K [0x00000000d5580000, 0x00000000e3f00000, 0x0000000100000000)
  eden space 209408K, 0% used [0x00000000d5580000,0x00000000d5580000,0x00000000e2200000)
  from space 14848K, 0% used [0x00000000e3000000,0x00000000e3000000,0x00000000e3e80000)
  to   space 14336K, 0% used [0x00000000e2200000,0x00000000e2200000,0x00000000e3000000)
 ParOldGen       total 93696K, used 17870K [0x0000000080000000, 0x0000000085b80000, 0x00000000d5580000)
  object space 93696K, 19% used [0x0000000080000000,0x00000000811738b0,0x0000000085b80000)
 Metaspace       used 34522K, capacity 35176K, committed 35416K, reserved 1079296K
  class space    used 4748K, capacity 4978K, committed 4992K, reserved 1048576K
}

