# JRE version: OpenJDK Runtime Environment (8.0_152-b02) (build 1.8.0_152-release-1024-b02)
# Java VM: OpenJDK 64-Bit Server VM (25.152-b02 mixed mode windows-amd64 compressed oops)
Heap:
 PSYoungGen      total 297984K, used 274006K [0x00000000d5580000, 0x00000000e9580000, 0x0000000100000000)
  eden space 274432K, 99% used [0x00000000d5580000,0x00000000e6115960,0x00000000e6180000)
  from space 23552K, 0% used [0x00000000e7880000,0x00000000e7880000,0x00000000e8f80000)
  to   space 23552K, 0% used [0x00000000e6180000,0x00000000e6180000,0x00000000e7880000)
 ParOldGen       total 125952K, used 47464K [0x0000000080000000, 0x0000000087b00000, 0x00000000d5580000)
  object space 125952K, 37% used [0x0000000080000000,0x0000000082e5a0d0,0x0000000087b00000)
 Metaspace       used 63300K, capacity 66188K, committed 66264K, reserved 1105920K
  class space    used 8580K, capacity 9405K, committed 9432K, reserved 1048576K
GC Heap History (10 events):
Event: 5.866 GC heap before
{Heap before GC invocations=9 (full 2):
 PSYoungGen      total 140800K, used 9706K [0x00000000d5580000, 0x00000000e3980000, 0x0000000100000000)
  eden space 131072K, 0% used [0x00000000d5580000,0x00000000d5580000,0x00000000dd580000)
  from space 9728K, 99% used [0x00000000dd580000,0x00000000ddefab78,0x00000000ddf00000)
  to   space 13312K, 0% used [0x00000000e2c80000,0x00000000e2c80000,0x00000000e3980000)
 ParOldGen       total 52224K, used 12911K [0x0000000080000000, 0x0000000083300000, 0x00000000d5580000)
  object space 52224K, 24% used [0x0000000080000000,0x0000000080c9bf38,0x0000000083300000)
 Metaspace       used 34310K, capacity 35300K, committed 35416K, reserved 1079296K
  class space    used 4811K, capacity 5155K, committed 5208K, reserved 1048576K
Event: 5.978 GC heap after
Heap after GC invocations=9 (full 2):
 PSYoungGen      total 140800K, used 0K [0x00000000d5580000, 0x00000000e3980000, 0x0000000100000000)
  eden space 131072K, 0% used [0x00000000d5580000,0x00000000d5580000,0x00000000dd580000)
  from space 9728K, 0% used [0x00000000dd580000,0x00000000dd580000,0x00000000ddf00000)
  to   space 13312K, 0% used [0x00000000e2c80000,0x00000000e2c80000,0x00000000e3980000)
 ParOldGen       total 80384K, used 20765K [0x0000000080000000, 0x0000000084e80000, 0x00000000d5580000)
  object space 80384K, 25% used [0x0000000080000000,0x00000000814474f0,0x0000000084e80000)
 Metaspace       used 34310K, capacity 35300K, committed 35416K, reserved 1079296K
  class space    used 4811K, capacity 5155K, committed 5208K, reserved 1048576K
}
Event: 7.400 GC heap before
{Heap before GC invocations=10 (full 2):
 PSYoungGen      total 140800K, used 131072K [0x00000000d5580000, 0x00000000e3980000, 0x0000000100000000)
  eden space 131072K, 100% used [0x00000000d5580000,0x00000000dd580000,0x00000000dd580000)
  from space 9728K, 0% used [0x00000000dd580000,0x00000000dd580000,0x00000000ddf00000)
  to   space 13312K, 0% used [0x00000000e2c80000,0x00000000e2c80000,0x00000000e3980000)
 ParOldGen       total 80384K, used 20765K [0x0000000080000000, 0x0000000084e80000, 0x00000000d5580000)
  object space 80384K, 25% used [0x0000000080000000,0x00000000814474f0,0x0000000084e80000)
 Metaspace       used 43594K, capacity 44864K, committed 45144K, reserved 1087488K
  class space    used 6041K, capacity 6436K, committed 6488K, reserved 1048576K
Event: 7.448 GC heap after
Heap after GC invocations=10 (full 2):
 PSYoungGen      total 218112K, used 13297K [0x00000000d5580000, 0x00000000e4280000, 0x0000000100000000)
  eden space 204800K, 0% used [0x00000000d5580000,0x00000000d5580000,0x00000000e1d80000)
  from space 13312K, 99% used [0x00000000e2c80000,0x00000000e397c650,0x00000000e3980000)
  to   space 15360K, 0% used [0x00000000e1d80000,0x00000000e1d80000,0x00000000e2c80000)
 ParOldGen       total 80384K, used 21924K [0x0000000080000000, 0x0000000084e80000, 0x00000000d5580000)
  object space 80384K, 27% used [0x0000000080000000,0x0000000081569210,0x0000000084e80000)
 Metaspace       used 43594K, capacity 44864K, committed 45144K, reserved 1087488K
  class space    used 6041K, capacity 6436K, committed 6488K, reserved 1048576K
}
Event: 10.599 GC heap before
{Heap before GC invocations=11 (full 2):
 PSYoungGen      total 218112K, used 218097K [0x00000000d5580000, 0x00000000e4280000, 0x0000000100000000)
  eden space 204800K, 100% used [0x00000000d5580000,0x00000000e1d80000,0x00000000e1d80000)
  from space 13312K, 99% used [0x00000000e2c80000,0x00000000e397c650,0x00000000e3980000)
  to   space 15360K, 0% used [0x00000000e1d80000,0x00000000e1d80000,0x00000000e2c80000)
 ParOldGen       total 80384K, used 21924K [0x0000000080000000, 0x0000000084e80000, 0x00000000d5580000)
  object space 80384K, 27% used [0x0000000080000000,0x0000000081569210,0x0000000084e80000)
 Metaspace       used 55195K, capacity 57716K, committed 57816K, reserved 1099776K
  class space    used 7641K, capacity 8403K, committed 8408K, reserved 1048576K
Event: 10.637 GC heap after
Heap after GC invocations=11 (full 2):
 PSYoungGen      total 220160K, used 15344K [0x00000000d5580000, 0x00000000e8f80000, 0x0000000100000000)
  eden space 204800K, 0% used [0x00000000d5580000,0x00000000d5580000,0x00000000e1d80000)
  from space 15360K, 99% used [0x00000000e1d80000,0x00000000e2c7c240,0x00000000e2c80000)
  to   space 23552K, 0% used [0x00000000e7880000,0x00000000e7880000,0x00000000e8f80000)
 ParOldGen       total 80384K, used 36601K [0x0000000080000000, 0x0000000084e80000, 0x00000000d5580000)
  object space 80384K, 45% used [0x0000000080000000,0x00000000823be458,0x0000000084e80000)
 Metaspace       used 55195K, capacity 57716K, committed 57816K, reserved 1099776K
  class space    used 7641K, capacity 8403K, committed 8408K, reserved 1048576K
}
Event: 10.969 GC heap before
{Heap before GC invocations=12 (full 2):
 PSYoungGen      total 220160K, used 47808K [0x00000000d5580000, 0x00000000e8f80000, 0x0000000100000000)
  eden space 204800K, 15% used [0x00000000d5580000,0x00000000d7533dd0,0x00000000e1d80000)
  from space 15360K, 99% used [0x00000000e1d80000,0x00000000e2c7c240,0x00000000e2c80000)
  to   space 23552K, 0% used [0x00000000e7880000,0x00000000e7880000,0x00000000e8f80000)
 ParOldGen       total 80384K, used 36601K [0x0000000080000000, 0x0000000084e80000, 0x00000000d5580000)
  object space 80384K, 45% used [0x0000000080000000,0x00000000823be458,0x0000000084e80000)
 Metaspace       used 56498K, capacity 58970K, committed 59028K, reserved 1099776K
  class space    used 7863K, capacity 8628K, committed 8664K, reserved 1048576K
Event: 10.994 GC heap after
Heap after GC invocations=12 (full 2):
 PSYoungGen      total 297984K, used 13925K [0x00000000d5580000, 0x00000000e9580000, 0x0000000100000000)
  eden space 274432K, 0% used [0x00000000d5580000,0x00000000d5580000,0x00000000e6180000)
  from space 23552K, 59% used [0x00000000e7880000,0x00000000e8619538,0x00000000e8f80000)
  to   space 23552K, 0% used [0x00000000e6180000,0x00000000e6180000,0x00000000e7880000)
 ParOldGen       total 80384K, used 40943K [0x0000000080000000, 0x0000000084e80000, 0x00000000d5580000)
  object space 80384K, 50% used [0x0000000080000000,0x00000000827fbcb8,0x0000000084e80000)
 Metaspace       used 56498K, capacity 58970K, committed 59028K, reserved 1099776K
  class space    used 7863K, capacity 8628K, committed 8664K, reserved 1048576K
}
Event: 10.994 GC heap before
{Heap before GC invocations=13 (full 3):
 PSYoungGen      total 297984K, used 13925K [0x00000000d5580000, 0x00000000e9580000, 0x0000000100000000)
  eden space 274432K, 0% used [0x00000000d5580000,0x00000000d5580000,0x00000000e6180000)
  from space 23552K, 59% used [0x00000000e7880000,0x00000000e8619538,0x00000000e8f80000)
  to   space 23552K, 0% used [0x00000000e6180000,0x00000000e6180000,0x00000000e7880000)
 ParOldGen       total 80384K, used 40943K [0x0000000080000000, 0x0000000084e80000, 0x00000000d5580000)
  object space 80384K, 50% used [0x0000000080000000,0x00000000827fbcb8,0x0000000084e80000)
 Metaspace       used 56498K, capacity 58970K, committed 59028K, reserved 1099776K
  class space    used 7863K, capacity 8628K, committed 8664K, reserved 1048576K
Event: 11.268 GC heap after
Heap after GC invocations=13 (full 3):
 PSYoungGen      total 297984K, used 0K [0x00000000d5580000, 0x00000000e9580000, 0x0000000100000000)
  eden space 274432K, 0% used [0x00000000d5580000,0x00000000d5580000,0x00000000e6180000)
  from space 23552K, 0% used [0x00000000e7880000,0x00000000e7880000,0x00000000e8f80000)
  to   space 23552K, 0% used [0x00000000e6180000,0x00000000e6180000,0x00000000e7880000)
 ParOldGen       total 125952K, used 47464K [0x0000000080000000, 0x0000000087b00000, 0x00000000d5580000)
  object space 125952K, 37% used [0x0000000080000000,0x0000000082e5a0d0,0x0000000087b00000)
 Metaspace       used 56498K, capacity 58970K, committed 59028K, reserved 1099776K
  class space    used 7863K, capacity 8628K, committed 8664K, reserved 1048576K
}

